<?xml version="1.0" encoding="UTF-8"?>
<!-- Generated by org.testng.reporters.JUnitReportReporter -->
<testsuite hostname="ARUNDINESH" failures="0" tests="4" name="api.test.UserTests" time="12.428" errors="0" timestamp="2024-01-09T11:25:00 IST" skipped="0">
  <testcase classname="api.test.UserTests" name="testPostUser" time="5.318"/>
  <system-out/>
  <testcase classname="api.test.UserTests" name="testGetUserByName" time="2.068"/>
  <system-out/>
  <testcase classname="api.test.UserTests" name="testUpdateUserByName" time="3.457"/>
  <system-out/>
  <testcase classname="api.test.UserTests" name="testDeleteUserByName" time="1.585"/>
  <system-out/>
</testsuite> <!-- api.test.UserTests -->
